This is pdfTeX, Version 3.14159265-2.6-1.40.17 (TeX Live 2016/W32TeX) (preloaded format=pdflatex 2016.7.25)  14 OCT 2016 22:35
entering extended mode
 restricted \write18 enabled.
 %&-line parsing enabled.
**./lab4.tex
(./lab4.tex
LaTeX2e <2016/03/31> patch level 2
Babel <3.9r> and hyphenation patterns for 83 language(s) loaded.
(c:/Program Files/texlive/2016/texmf-dist/tex/latex/base/article.cls
Document Class: article 2014/09/29 v1.4h Standard LaTeX document class
(c:/Program Files/texlive/2016/texmf-dist/tex/latex/base/size12.clo
File: size12.clo 2014/09/29 v1.4h Standard LaTeX file (size option)
)
\c@part=\count79
\c@section=\count80
\c@subsection=\count81
\c@subsubsection=\count82
\c@paragraph=\count83
\c@subparagraph=\count84
\c@figure=\count85
\c@table=\count86
\abovecaptionskip=\skip41
\belowcaptionskip=\skip42
\bibindent=\dimen102
)
(c:/Program Files/texlive/2016/texmf-dist/tex/latex/ucs/ucs.sty
Package: ucs 2013/05/11 v2.2 UCS: Unicode input support

(c:/Program Files/texlive/2016/texmf-dist/tex/latex/ucs/data/uni-global.def
File: uni-global.def 2013/05/13 UCS: Unicode global data
)
\uc@secondtry=\count87
\uc@combtoks=\toks14
\uc@combtoksb=\toks15
\uc@temptokena=\toks16
)
(c:/Program Files/texlive/2016/texmf-dist/tex/latex/t2/mathtext.sty
Package: mathtext 1999/01/28 v1.0 transparent text-and-math defs
LaTeX Info: Redefining \halign on input line 111.
)
(c:/Program Files/texlive/2016/texmf-dist/tex/latex/base/inputenc.sty
Package: inputenc 2015/03/17 v1.2c Input encoding file
\inpenc@prehook=\toks17
\inpenc@posthook=\toks18

(c:/Program Files/texlive/2016/texmf-dist/tex/latex/ucs/utf8x.def
File: utf8x.def 2004/10/17 UCS: Input encoding UTF-8
))
(c:/Program Files/texlive/2016/texmf-dist/tex/generic/babel/babel.sty
Package: babel 2016/04/23 3.9r The Babel package

(c:/Program Files/texlive/2016/texmf-dist/tex/generic/babel-russian/russianb.ld
f
Language: russianb 2016/02/18 1.3h Russian support for the Babel system
 (c:/Program Files/texlive/2016/texmf-dist/tex/generic/babel/babel.def
File: babel.def 2016/04/23 3.9r Babel common definitions
\babel@savecnt=\count88
\U@D=\dimen103
)

Package babel Warning: No Cyrillic font encoding has been loaded so far.
(babel)                A font encoding should be declared before babel.
(babel)                Default `T2A' encoding will be loaded  on input line 69.


(c:/Program Files/texlive/2016/texmf-dist/tex/latex/cyrillic/t2aenc.def
File: t2aenc.def 2005/09/27 v1.0i Cyrillic encoding definition file
\symT2Aletters=\mathgroup4
)
Package babel Info: Making " an active character on input line 111.
))
(c:/Program Files/texlive/2016/texmf-dist/tex/latex/amsmath/amsmath.sty
Package: amsmath 2016/06/28 v2.15d AMS math features
\@mathmargin=\skip43

For additional information on amsmath, use the `?' option.
(c:/Program Files/texlive/2016/texmf-dist/tex/latex/amsmath/amstext.sty
Package: amstext 2000/06/29 v2.01 AMS text

(c:/Program Files/texlive/2016/texmf-dist/tex/latex/amsmath/amsgen.sty
File: amsgen.sty 1999/11/30 v2.0 generic functions
\@emptytoks=\toks19
\ex@=\dimen104
))
(c:/Program Files/texlive/2016/texmf-dist/tex/latex/amsmath/amsbsy.sty
Package: amsbsy 1999/11/29 v1.2d Bold Symbols
\pmbraise@=\dimen105
)
(c:/Program Files/texlive/2016/texmf-dist/tex/latex/amsmath/amsopn.sty
Package: amsopn 2016/03/08 v2.02 operator names
)
\inf@bad=\count89
LaTeX Info: Redefining \frac on input line 199.
\uproot@=\count90
\leftroot@=\count91
LaTeX Info: Redefining \overline on input line 297.
\classnum@=\count92
\DOTSCASE@=\count93
LaTeX Info: Redefining \ldots on input line 394.
LaTeX Info: Redefining \dots on input line 397.
LaTeX Info: Redefining \cdots on input line 518.
\Mathstrutbox@=\box26
\strutbox@=\box27
\big@size=\dimen106
LaTeX Font Info:    Redeclaring font encoding OML on input line 634.
\symOMLletters=\mathgroup5
LaTeX Font Info:    Redeclaring font encoding OMS on input line 635.
\symOMSletters=\mathgroup6
\macc@depth=\count94
\c@MaxMatrixCols=\count95
\dotsspace@=\muskip10
\c@parentequation=\count96
\dspbrk@lvl=\count97
\tag@help=\toks20
\row@=\count98
\column@=\count99
\maxfields@=\count100
\andhelp@=\toks21
\eqnshift@=\dimen107
\alignsep@=\dimen108
\tagshift@=\dimen109
\tagwidth@=\dimen110
\totwidth@=\dimen111
\lineht@=\dimen112
\@envbody=\toks22
\multlinegap=\skip44
\multlinetaggap=\skip45
\mathdisplay@stack=\toks23
LaTeX Info: Redefining \[ on input line 2739.
LaTeX Info: Redefining \] on input line 2740.
)
(c:/Program Files/texlive/2016/texmf-dist/tex/latex/mathtools/mathtools.sty
Package: mathtools 2015/11/12 v1.18 mathematical typesetting tools

(c:/Program Files/texlive/2016/texmf-dist/tex/latex/graphics/keyval.sty
Package: keyval 2014/10/28 v1.15 key=value parser (DPC)
\KV@toks@=\toks24
)
(c:/Program Files/texlive/2016/texmf-dist/tex/latex/tools/calc.sty
Package: calc 2014/10/28 v4.3 Infix arithmetic (KKT,FJ)
\calc@Acount=\count101
\calc@Bcount=\count102
\calc@Adimen=\dimen113
\calc@Bdimen=\dimen114
\calc@Askip=\skip46
\calc@Bskip=\skip47
LaTeX Info: Redefining \setlength on input line 80.
LaTeX Info: Redefining \addtolength on input line 81.
\calc@Ccount=\count103
\calc@Cskip=\skip48
)
(c:/Program Files/texlive/2016/texmf-dist/tex/latex/mathtools/mhsetup.sty
Package: mhsetup 2010/01/21 v1.2a programming setup (MH)
)
LaTeX Info: Thecontrolsequence`\('isalreadyrobust on input line 129.
LaTeX Info: Thecontrolsequence`\)'isalreadyrobust on input line 129.
LaTeX Info: Thecontrolsequence`\['isalreadyrobust on input line 129.
LaTeX Info: Thecontrolsequence`\]'isalreadyrobust on input line 129.
\g_MT_multlinerow_int=\count104
\l_MT_multwidth_dim=\dimen115
\origjot=\skip49
\l_MT_shortvdotswithinadjustabove_dim=\dimen116
\l_MT_shortvdotswithinadjustbelow_dim=\dimen117
\l_MT_above_intertext_sep=\dimen118
\l_MT_below_intertext_sep=\dimen119
\l_MT_above_shortintertext_sep=\dimen120
\l_MT_below_shortintertext_sep=\dimen121
)
(c:/Program Files/texlive/2016/texmf-dist/tex/latex/amsfonts/amssymb.sty
Package: amssymb 2013/01/14 v3.01 AMS font symbols

(c:/Program Files/texlive/2016/texmf-dist/tex/latex/amsfonts/amsfonts.sty
Package: amsfonts 2013/01/14 v3.01 Basic AMSFonts support
\symAMSa=\mathgroup7
\symAMSb=\mathgroup8
LaTeX Font Info:    Overwriting math alphabet `\mathfrak' in version `bold'
(Font)                  U/euf/m/n --> U/euf/b/n on input line 106.
))
(c:/Program Files/texlive/2016/texmf-dist/tex/latex/graphics/graphicx.sty
Package: graphicx 2014/10/28 v1.0g Enhanced LaTeX Graphics (DPC,SPQR)

(c:/Program Files/texlive/2016/texmf-dist/tex/latex/graphics/graphics.sty
Package: graphics 2016/07/10 v1.0t Standard LaTeX Graphics (DPC,SPQR)

(c:/Program Files/texlive/2016/texmf-dist/tex/latex/graphics/trig.sty
Package: trig 2016/01/03 v1.10 sin cos tan (DPC)
)
(c:/Program Files/texlive/2016/texmf-dist/tex/latex/graphics-cfg/graphics.cfg
File: graphics.cfg 2016/06/04 v1.11 sample graphics configuration
)
Package graphics Info: Driver file: pdftex.def on input line 99.

(c:/Program Files/texlive/2016/texmf-dist/tex/latex/graphics-def/pdftex.def
File: pdftex.def 2016/07/10 v0.06j Graphics/color for pdfTeX

(c:/Program Files/texlive/2016/texmf-dist/tex/generic/oberdiek/infwarerr.sty
Package: infwarerr 2016/05/16 v1.4 Providing info/warning/error messages (HO)
)
(c:/Program Files/texlive/2016/texmf-dist/tex/generic/oberdiek/ltxcmds.sty
Package: ltxcmds 2016/05/16 v1.23 LaTeX kernel commands for general use (HO)
)
\Gread@gobject=\count105
))
\Gin@req@height=\dimen122
\Gin@req@width=\dimen123
)
(./lab4.aux
LaTeX Font Info:    Try loading font information for T2A+cmr on input line 3.

(c:/Program Files/texlive/2016/texmf-dist/tex/latex/cyrillic/t2acmr.fd
File: t2acmr.fd 2001/08/11 v1.0a Computer Modern Cyrillic font definitions
))
\openout1 = `lab4.aux'.

LaTeX Font Info:    Checking defaults for OML/cmm/m/it on input line 29.
LaTeX Font Info:    ... okay on input line 29.
LaTeX Font Info:    Checking defaults for T1/cmr/m/n on input line 29.
LaTeX Font Info:    ... okay on input line 29.
LaTeX Font Info:    Checking defaults for OT1/cmr/m/n on input line 29.
LaTeX Font Info:    ... okay on input line 29.
LaTeX Font Info:    Checking defaults for OMS/cmsy/m/n on input line 29.
LaTeX Font Info:    ... okay on input line 29.
LaTeX Font Info:    Checking defaults for OMX/cmex/m/n on input line 29.
LaTeX Font Info:    ... okay on input line 29.
LaTeX Font Info:    Checking defaults for U/cmr/m/n on input line 29.
LaTeX Font Info:    ... okay on input line 29.
LaTeX Font Info:    Checking defaults for T2A/cmr/m/n on input line 29.
LaTeX Font Info:    ... okay on input line 29.

(c:/Program Files/texlive/2016/texmf-dist/tex/latex/ucs/ucsencs.def
File: ucsencs.def 2011/01/21 Fixes to fontencodings LGR, T3
)
(c:/Program Files/texlive/2016/texmf-dist/tex/context/base/mkii/supp-pdf.mkii
[Loading MPS to PDF converter (version 2006.09.02).]
\scratchcounter=\count106
\scratchdimen=\dimen124
\scratchbox=\box28
\nofMPsegments=\count107
\nofMParguments=\count108
\everyMPshowfont=\toks25
\MPscratchCnt=\count109
\MPscratchDim=\dimen125
\MPnumerator=\count110
\makeMPintoPDFobject=\count111
\everyMPtoPDFconversion=\toks26
) (c:/Program Files/texlive/2016/texmf-dist/tex/generic/oberdiek/pdftexcmds.sty
Package: pdftexcmds 2016/05/21 v0.22 Utility functions of pdfTeX for LuaTeX (HO
)
(c:/Program Files/texlive/2016/texmf-dist/tex/generic/oberdiek/ifluatex.sty
Package: ifluatex 2016/05/16 v1.4 Provides the ifluatex switch (HO)
Package ifluatex Info: LuaTeX not detected.
)
(c:/Program Files/texlive/2016/texmf-dist/tex/generic/oberdiek/ifpdf.sty
Package: ifpdf 2016/05/14 v3.1 Provides the ifpdf switch
)
Package pdftexcmds Info: LuaTeX not detected.
Package pdftexcmds Info: \pdf@primitive is available.
Package pdftexcmds Info: \pdf@ifprimitive is available.
Package pdftexcmds Info: \pdfdraftmode found.
)
(c:/Program Files/texlive/2016/texmf-dist/tex/latex/oberdiek/epstopdf-base.sty
Package: epstopdf-base 2016/05/15 v2.6 Base part for package epstopdf

(c:/Program Files/texlive/2016/texmf-dist/tex/latex/oberdiek/grfext.sty
Package: grfext 2016/05/16 v1.2 Manage graphics extensions (HO)

(c:/Program Files/texlive/2016/texmf-dist/tex/generic/oberdiek/kvdefinekeys.sty
Package: kvdefinekeys 2016/05/16 v1.4 Define keys (HO)
)) (c:/Program Files/texlive/2016/texmf-dist/tex/latex/oberdiek/kvoptions.sty
Package: kvoptions 2016/05/16 v3.12 Key value format for package options (HO)

(c:/Program Files/texlive/2016/texmf-dist/tex/generic/oberdiek/kvsetkeys.sty
Package: kvsetkeys 2016/05/16 v1.17 Key value parser (HO)

(c:/Program Files/texlive/2016/texmf-dist/tex/generic/oberdiek/etexcmds.sty
Package: etexcmds 2016/05/16 v1.6 Avoid name clashes with e-TeX commands (HO)
Package etexcmds Info: Could not find \expanded.
(etexcmds)             That can mean that you are not using pdfTeX 1.50 or
(etexcmds)             that some package has redefined \expanded.
(etexcmds)             In the latter case, load this package earlier.
)))
Package epstopdf-base Info: Redefining graphics rule for `.eps' on input line 4
38.
Package grfext Info: Graphics extension search list:
(grfext)             [.png,.pdf,.jpg,.mps,.jpeg,.jbig2,.jb2,.PNG,.PDF,.JPG,.JPE
G,.JBIG2,.JB2,.eps]
(grfext)             \AppendGraphicsExtensions on input line 456.

(c:/Program Files/texlive/2016/texmf-dist/tex/latex/latexconfig/epstopdf-sys.cf
g
File: epstopdf-sys.cfg 2010/07/13 v1.3 Configuration of (r)epstopdf for TeX Liv
e
)) (c:/Program Files/texlive/2016/texmf-dist/tex/latex/ucs/data/uni-4.def
File: uni-4.def 2013/05/13 UCS: Unicode data U+0400..U+04FF
)
LaTeX Font Info:    Try loading font information for OML+cmr on input line 33.

(c:/Program Files/texlive/2016/texmf-dist/tex/latex/base/omlcmr.fd
File: omlcmr.fd 2014/09/29 v2.5h Standard LaTeX font definitions
)
LaTeX Font Info:    Font shape `OML/cmr/m/n' in size <14.4> not available
(Font)              Font shape `OML/cmm/m/it' tried instead on input line 33.
LaTeX Font Info:    Font shape `OML/cmr/m/n' in size <10> not available
(Font)              Font shape `OML/cmm/m/it' tried instead on input line 33.
LaTeX Font Info:    Font shape `OML/cmr/m/n' in size <7> not available
(Font)              Font shape `OML/cmm/m/it' tried instead on input line 33.
LaTeX Font Info:    Try loading font information for OMS+cmr on input line 33.

(c:/Program Files/texlive/2016/texmf-dist/tex/latex/base/omscmr.fd
File: omscmr.fd 2014/09/29 v2.5h Standard LaTeX font definitions
)
LaTeX Font Info:    Font shape `OMS/cmr/m/n' in size <14.4> not available
(Font)              Font shape `OMS/cmsy/m/n' tried instead on input line 33.
LaTeX Font Info:    Font shape `OMS/cmr/m/n' in size <10> not available
(Font)              Font shape `OMS/cmsy/m/n' tried instead on input line 33.
LaTeX Font Info:    Font shape `OMS/cmr/m/n' in size <7> not available
(Font)              Font shape `OMS/cmsy/m/n' tried instead on input line 33.
LaTeX Font Info:    Try loading font information for U+msa on input line 33.

(c:/Program Files/texlive/2016/texmf-dist/tex/latex/amsfonts/umsa.fd
File: umsa.fd 2013/01/14 v3.01 AMS symbols A
)
LaTeX Font Info:    Try loading font information for U+msb on input line 33.

(c:/Program Files/texlive/2016/texmf-dist/tex/latex/amsfonts/umsb.fd
File: umsb.fd 2013/01/14 v3.01 AMS symbols B
)
<theory_0.png, id=1, 268.6035pt x 284.262pt>
File: theory_0.png Graphic file (type png)
 <use theory_0.png>
Package pdftex.def Info: theory_0.png used on input line 43.
(pdftex.def)             Requested size: 455.25919pt x 398.3501pt.

<theory_1.png, id=3, 267.399pt x 409.53pt>
File: theory_1.png Graphic file (type png)
 <use theory_1.png>
Package pdftex.def Info: theory_1.png used on input line 44.
(pdftex.def)             Requested size: 455.24408pt x 697.2791pt.

<theory_2.png, id=4, 270.41025pt x 419.166pt>
File: theory_2.png Graphic file (type png)
 <use theory_2.png>
Package pdftex.def Info: theory_2.png used on input line 45.
(pdftex.def)             Requested size: 455.24408pt x 705.68434pt.

<theory_3.png, id=5, 269.20575pt x 416.15475pt>
File: theory_3.png Graphic file (type png)
 <use theory_3.png>
Package pdftex.def Info: theory_3.png used on input line 46.
(pdftex.def)             Requested size: 455.24408pt x 703.78976pt.

<theory_4.png, id=6, 271.61475pt x 414.348pt>
File: theory_4.png Graphic file (type png)
 <use theory_4.png>
Package pdftex.def Info: theory_4.png used on input line 47.
(pdftex.def)             Requested size: 455.24408pt x 694.5256pt.

<theory_5.png, id=7, 269.20575pt x 421.575pt>
File: theory_5.png Graphic file (type png)
 <use theory_5.png>
Package pdftex.def Info: theory_5.png used on input line 48.
(pdftex.def)             Requested size: 455.24408pt x 712.95633pt.

<theory_6.png, id=8, 271.61475pt x 425.1885pt>
File: theory_6.png Graphic file (type png)
 <use theory_6.png>
Package pdftex.def Info: theory_6.png used on input line 49.
(pdftex.def)             Requested size: 455.24408pt x 712.69633pt.

<theory_7.png, id=9, 266.79675pt x 420.3705pt>
File: theory_7.png Graphic file (type png)
 <use theory_7.png>
Package pdftex.def Info: theory_7.png used on input line 50.
(pdftex.def)             Requested size: 455.24408pt x 717.32726pt.

<theory_8.png, id=10, 266.1945pt x 165.0165pt>
File: theory_8.png Graphic file (type png)
 <use theory_8.png>
Package pdftex.def Info: theory_8.png used on input line 51.
(pdftex.def)             Requested size: 455.24408pt x 282.21634pt.
 [1

{c:/Program Files/texlive/2016/texmf-var/fonts/map/pdftex/updmap/pdftex.map} <.
/theory_0.png>]
Overfull \vbox (14.41296pt too high) has occurred while \output is active []


[2 <./theory_1.png>]
Overfull \vbox (22.8182pt too high) has occurred while \output is active []


[3 <./theory_2.png>]
Overfull \vbox (20.92363pt too high) has occurred while \output is active []


[4 <./theory_3.png>]
Overfull \vbox (11.65947pt too high) has occurred while \output is active []


[5 <./theory_4.png>]
Overfull \vbox (30.0902pt too high) has occurred while \output is active []


[6 <./theory_5.png>]
Overfull \vbox (29.8302pt too high) has occurred while \output is active []


[7 <./theory_6.png>]
Overfull \vbox (34.46112pt too high) has occurred while \output is active []


[8 <./theory_7.png>]
LaTeX Font Info:    Font shape `OML/cmr/m/n' in size <12> not available
(Font)              Font shape `OML/cmm/m/it' tried instead on input line 58.
LaTeX Font Info:    Font shape `OML/cmr/m/n' in size <8> not available
(Font)              Font shape `OML/cmm/m/it' tried instead on input line 58.
LaTeX Font Info:    Font shape `OML/cmr/m/n' in size <6> not available
(Font)              Font shape `OML/cmm/m/it' tried instead on input line 58.
LaTeX Font Info:    Font shape `OMS/cmr/m/n' in size <12> not available
(Font)              Font shape `OMS/cmsy/m/n' tried instead on input line 58.
LaTeX Font Info:    Font shape `OMS/cmr/m/n' in size <8> not available
(Font)              Font shape `OMS/cmsy/m/n' tried instead on input line 58.
LaTeX Font Info:    Font shape `OMS/cmr/m/n' in size <6> not available
(Font)              Font shape `OMS/cmsy/m/n' tried instead on input line 58.

(c:/Program Files/texlive/2016/texmf-dist/tex/latex/ucs/data/uni-32.def
File: uni-32.def 2013/05/13 UCS: Unicode data U+2000..U+20FF
)
Underfull \hbox (badness 10000) in paragraph at lines 65--69

 []


Package mathtext Warning: letter `cyrm' used in math mode on input line 70.


Package mathtext Warning: letter `cyrm' used in math mode on input line 70.

<table1.png, id=50, 495.65175pt x 87.32625pt>
File: table1.png Graphic file (type png)
 <use table1.png>
Package pdftex.def Info: table1.png used on input line 75.
(pdftex.def)             Requested size: 284.52756pt x 50.13092pt.

<graph1.png, id=51, 500.46976pt x 401.0985pt>
File: graph1.png Graphic file (type png)
 <use graph1.png>
Package pdftex.def Info: graph1.png used on input line 76.
(pdftex.def)             Requested size: 284.52756pt x 228.04095pt.
 [9 <./theory_8.png> <./table1.png>]

Package mathtext Warning: letter `CYRP' used in math mode on input line 79.


Package mathtext Warning: letter `cyra' used in math mode on input line 79.


Package mathtext Warning: letter `cyrs' used in math mode on input line 79.


Package mathtext Warning: letter `cyrs' used in math mode on input line 79.


Package mathtext Warning: letter `cyrm' used in math mode on input line 79.


Package mathtext Warning: letter `CYRP' used in math mode on input line 79.


Package mathtext Warning: letter `cyra' used in math mode on input line 79.


Package mathtext Warning: letter `cyrs' used in math mode on input line 79.

<table2.png, id=65, 498.06075pt x 87.9285pt>
File: table2.png Graphic file (type png)
 <use table2.png>
Package pdftex.def Info: table2.png used on input line 84.
(pdftex.def)             Requested size: 284.52756pt x 50.2338pt.

<graph2.png, id=66, 494.44725pt x 395.67825pt>
File: graph2.png Graphic file (type png)
 <use graph2.png>
Package pdftex.def Info: graph2.png used on input line 85.
(pdftex.def)             Requested size: 284.52756pt x 227.69435pt.


Package mathtext Warning: letter `CYRP' used in math mode on input line 88.


Package mathtext Warning: letter `cyra' used in math mode on input line 88.


Package mathtext Warning: letter `cyrs' used in math mode on input line 88.


Package mathtext Warning: letter `cyrs' used in math mode on input line 88.


Package mathtext Warning: letter `cyrm' used in math mode on input line 88.


Package mathtext Warning: letter `CYRP' used in math mode on input line 90.


Package mathtext Warning: letter `cyra' used in math mode on input line 90.


Package mathtext Warning: letter `cyrs' used in math mode on input line 90.

<table3.png, id=67, 482.40225pt x 86.724pt>
File: table3.png Graphic file (type png)
 <use table3.png>
Package pdftex.def Info: table3.png used on input line 97.
(pdftex.def)             Requested size: 284.52756pt x 51.15347pt.

<graph3.png, id=68, 513.71925pt x 384.2355pt>
File: graph3.png Graphic file (type png)
 <use graph3.png>
Package pdftex.def Info: graph3.png used on input line 98.
(pdftex.def)             Requested size: 284.52756pt x 212.81937pt.
 [10 <./graph1.png> <./table2.png> <./graph2.png>]

Package mathtext Warning: letter `CYRP' used in math mode on input line 101.


Package mathtext Warning: letter `cyra' used in math mode on input line 101.


Package mathtext Warning: letter `cyrs' used in math mode on input line 101.


Package mathtext Warning: letter `cyrs' used in math mode on input line 101.


Package mathtext Warning: letter `cyrm' used in math mode on input line 101.


Package mathtext Warning: letter `CYRP' used in math mode on input line 103.


Package mathtext Warning: letter `cyra' used in math mode on input line 103.


Package mathtext Warning: letter `cyrs' used in math mode on input line 103.


Package mathtext Warning: letter `cyrm' used in math mode on input line 107.


Package mathtext Warning: letter `cyrm' used in math mode on input line 107.

<table4.png, id=75, 400.49625pt x 87.9285pt>
File: table4.png Graphic file (type png)
 <use table4.png>
Package pdftex.def Info: table4.png used on input line 112.
(pdftex.def)             Requested size: 284.52756pt x 62.47125pt.

<graph4.png, id=76, 498.06075pt x 395.67825pt>
File: graph4.png Graphic file (type png)
 <use graph4.png>
Package pdftex.def Info: graph4.png used on input line 113.
(pdftex.def)             Requested size: 284.52756pt x 226.05212pt.


Package mathtext Warning: letter `CYRP' used in math mode on input line 116.


Package mathtext Warning: letter `cyra' used in math mode on input line 116.


Package mathtext Warning: letter `cyrs' used in math mode on input line 116.


Package mathtext Warning: letter `cyrs' used in math mode on input line 116.


Package mathtext Warning: letter `cyrm' used in math mode on input line 116.


Package mathtext Warning: letter `CYRP' used in math mode on input line 118.


Package mathtext Warning: letter `cyra' used in math mode on input line 118.


Package mathtext Warning: letter `cyrs' used in math mode on input line 118.

[11 <./table3.png> <./graph3.png> <./table4.png> <./graph4.png>]
<table5.png, id=84, 400.49625pt x 87.9285pt>
File: table5.png Graphic file (type png)
 <use table5.png>
Package pdftex.def Info: table5.png used on input line 125.
(pdftex.def)             Requested size: 284.52756pt x 62.47125pt.

<graph5.png, id=85, 496.254pt x 404.712pt>
File: graph5.png Graphic file (type png)
 <use graph5.png>
Package pdftex.def Info: graph5.png used on input line 126.
(pdftex.def)             Requested size: 284.52756pt x 232.04065pt.


Package mathtext Warning: letter `CYRP' used in math mode on input line 129.


Package mathtext Warning: letter `cyra' used in math mode on input line 129.


Package mathtext Warning: letter `cyrs' used in math mode on input line 129.


Package mathtext Warning: letter `cyrs' used in math mode on input line 129.


Package mathtext Warning: letter `cyrm' used in math mode on input line 129.


Package mathtext Warning: letter `CYRP' used in math mode on input line 131.


Package mathtext Warning: letter `cyra' used in math mode on input line 131.


Package mathtext Warning: letter `cyrs' used in math mode on input line 131.

<table6.png, id=86, 433.62pt x 86.724pt>
File: table6.png Graphic file (type png)
 <use table6.png>
Package pdftex.def Info: table6.png used on input line 138.
(pdftex.def)             Requested size: 284.52756pt x 56.9085pt.

<graph6.png, id=87, 478.1865pt x 390.86024pt>
File: graph6.png Graphic file (type png)
 <use graph6.png>
Package pdftex.def Info: graph6.png used on input line 139.
(pdftex.def)             Requested size: 284.52756pt x 232.57964pt.
 [12 <./table5.png> <./graph5.png> <./table6.png>]

Package mathtext Warning: letter `CYRP' used in math mode on input line 142.


Package mathtext Warning: letter `cyra' used in math mode on input line 142.


Package mathtext Warning: letter `cyrs' used in math mode on input line 142.


Package mathtext Warning: letter `cyrs' used in math mode on input line 142.


Package mathtext Warning: letter `cyrm' used in math mode on input line 142.


Package mathtext Warning: letter `CYRP' used in math mode on input line 144.


Package mathtext Warning: letter `cyra' used in math mode on input line 144.


Package mathtext Warning: letter `cyrs' used in math mode on input line 144.


Underfull \hbox (badness 10000) in paragraph at lines 146--148

 []


Underfull \hbox (badness 10000) in paragraph at lines 146--148

 []


Package mathtext Warning: letter `CYRP' used in math mode on input line 151.


Package mathtext Warning: letter `cyra' used in math mode on input line 151.


Package mathtext Warning: letter `cyrs' used in math mode on input line 151.


Package mathtext Warning: letter `CYRP' used in math mode on input line 155.


Package mathtext Warning: letter `cyra' used in math mode on input line 155.


Package mathtext Warning: letter `cyrs' used in math mode on input line 155.

[13 <./graph6.png>] (./lab4.aux) ) 
Here is how much of TeX's memory you used:
 5448 strings out of 493013
 73749 string characters out of 6130541
 132901 words of memory out of 5000000
 8876 multiletter control sequences out of 15000+600000
 18146 words of font info for 52 fonts, out of 8000000 for 9000
 1141 hyphenation exceptions out of 8191
 40i,6n,27p,962b,679s stack positions out of 5000i,500n,10000p,200000b,80000s
{c:/Program Files/texlive/2016/texmf-dist/fon
ts/enc/dvips/cm-super/cm-super-t2a.enc}<c:/Program Files/texlive/2016/texmf-dis
t/fonts/type1/public/amsfonts/cm/cmex10.pfb><c:/Program Files/texlive/2016/texm
f-dist/fonts/type1/public/amsfonts/cm/cmmi12.pfb><c:/Program Files/texlive/2016
/texmf-dist/fonts/type1/public/amsfonts/cm/cmmi6.pfb><c:/Program Files/texlive/
2016/texmf-dist/fonts/type1/public/amsfonts/cm/cmmi8.pfb><c:/Program Files/texl
ive/2016/texmf-dist/fonts/type1/public/amsfonts/cm/cmr12.pfb><c:/Program Files/
texlive/2016/texmf-dist/fonts/type1/public/amsfonts/cm/cmr6.pfb><c:/Program Fil
es/texlive/2016/texmf-dist/fonts/type1/public/amsfonts/cm/cmr8.pfb><c:/Program 
Files/texlive/2016/texmf-dist/fonts/type1/public/amsfonts/cm/cmsy10.pfb><c:/Pro
gram Files/texlive/2016/texmf-dist/fonts/type1/public/amsfonts/cm/cmsy8.pfb><c:
/Program Files/texlive/2016/texmf-dist/fonts/type1/public/cm-super/sfbx1200.pfb
><c:/Program Files/texlive/2016/texmf-dist/fonts/type1/public/cm-super/sfbx1440
.pfb><c:/Program Files/texlive/2016/texmf-dist/fonts/type1/public/cm-super/sfrm
1200.pfb><c:/Program Files/texlive/2016/texmf-dist/fonts/type1/public/cm-super/
sfrm1440.pfb><c:/Program Files/texlive/2016/texmf-dist/fonts/type1/public/cm-su
per/sfrm2074.pfb>
Output written on lab4.pdf (13 pages, 830788 bytes).
PDF statistics:
 147 PDF objects out of 1000 (max. 8388607)
 75 compressed objects within 1 object stream
 0 named destinations out of 1000 (max. 500000)
 106 words of extra memory for PDF output out of 10000 (max. 10000000)

