This is pdfTeX, Version 3.14159265-2.6-1.40.17 (TeX Live 2016/W32TeX) (preloaded format=pdflatex 2016.7.25)  27 NOV 2016 15:41
entering extended mode
 restricted \write18 enabled.
 %&-line parsing enabled.
**./lab.tex
(./lab.tex
LaTeX2e <2016/03/31> patch level 2
Babel <3.9r> and hyphenation patterns for 83 language(s) loaded.
(c:/Program Files/texlive/2016/texmf-dist/tex/latex/base/article.cls
Document Class: article 2014/09/29 v1.4h Standard LaTeX document class
(c:/Program Files/texlive/2016/texmf-dist/tex/latex/base/size12.clo
File: size12.clo 2014/09/29 v1.4h Standard LaTeX file (size option)
)
\c@part=\count79
\c@section=\count80
\c@subsection=\count81
\c@subsubsection=\count82
\c@paragraph=\count83
\c@subparagraph=\count84
\c@figure=\count85
\c@table=\count86
\abovecaptionskip=\skip41
\belowcaptionskip=\skip42
\bibindent=\dimen102
)
(c:/Program Files/texlive/2016/texmf-dist/tex/latex/ucs/ucs.sty
Package: ucs 2013/05/11 v2.2 UCS: Unicode input support

(c:/Program Files/texlive/2016/texmf-dist/tex/latex/ucs/data/uni-global.def
File: uni-global.def 2013/05/13 UCS: Unicode global data
)
\uc@secondtry=\count87
\uc@combtoks=\toks14
\uc@combtoksb=\toks15
\uc@temptokena=\toks16
)
(c:/Program Files/texlive/2016/texmf-dist/tex/latex/t2/mathtext.sty
Package: mathtext 1999/01/28 v1.0 transparent text-and-math defs
LaTeX Info: Redefining \halign on input line 111.
)
(c:/Program Files/texlive/2016/texmf-dist/tex/latex/base/inputenc.sty
Package: inputenc 2015/03/17 v1.2c Input encoding file
\inpenc@prehook=\toks17
\inpenc@posthook=\toks18

(c:/Program Files/texlive/2016/texmf-dist/tex/latex/ucs/utf8x.def
File: utf8x.def 2004/10/17 UCS: Input encoding UTF-8
))
(c:/Program Files/texlive/2016/texmf-dist/tex/generic/babel/babel.sty
Package: babel 2016/04/23 3.9r The Babel package

(c:/Program Files/texlive/2016/texmf-dist/tex/generic/babel-russian/russianb.ld
f
Language: russianb 2016/02/18 1.3h Russian support for the Babel system
 (c:/Program Files/texlive/2016/texmf-dist/tex/generic/babel/babel.def
File: babel.def 2016/04/23 3.9r Babel common definitions
\babel@savecnt=\count88
\U@D=\dimen103
)

Package babel Warning: No Cyrillic font encoding has been loaded so far.
(babel)                A font encoding should be declared before babel.
(babel)                Default `T2A' encoding will be loaded  on input line 69.


(c:/Program Files/texlive/2016/texmf-dist/tex/latex/cyrillic/t2aenc.def
File: t2aenc.def 2005/09/27 v1.0i Cyrillic encoding definition file
\symT2Aletters=\mathgroup4
)
Package babel Info: Making " an active character on input line 111.
))
(c:/Program Files/texlive/2016/texmf-dist/tex/latex/amsmath/amsmath.sty
Package: amsmath 2016/06/28 v2.15d AMS math features
\@mathmargin=\skip43

For additional information on amsmath, use the `?' option.
(c:/Program Files/texlive/2016/texmf-dist/tex/latex/amsmath/amstext.sty
Package: amstext 2000/06/29 v2.01 AMS text

(c:/Program Files/texlive/2016/texmf-dist/tex/latex/amsmath/amsgen.sty
File: amsgen.sty 1999/11/30 v2.0 generic functions
\@emptytoks=\toks19
\ex@=\dimen104
))
(c:/Program Files/texlive/2016/texmf-dist/tex/latex/amsmath/amsbsy.sty
Package: amsbsy 1999/11/29 v1.2d Bold Symbols
\pmbraise@=\dimen105
)
(c:/Program Files/texlive/2016/texmf-dist/tex/latex/amsmath/amsopn.sty
Package: amsopn 2016/03/08 v2.02 operator names
)
\inf@bad=\count89
LaTeX Info: Redefining \frac on input line 199.
\uproot@=\count90
\leftroot@=\count91
LaTeX Info: Redefining \overline on input line 297.
\classnum@=\count92
\DOTSCASE@=\count93
LaTeX Info: Redefining \ldots on input line 394.
LaTeX Info: Redefining \dots on input line 397.
LaTeX Info: Redefining \cdots on input line 518.
\Mathstrutbox@=\box26
\strutbox@=\box27
\big@size=\dimen106
LaTeX Font Info:    Redeclaring font encoding OML on input line 634.
\symOMLletters=\mathgroup5
LaTeX Font Info:    Redeclaring font encoding OMS on input line 635.
\symOMSletters=\mathgroup6
\macc@depth=\count94
\c@MaxMatrixCols=\count95
\dotsspace@=\muskip10
\c@parentequation=\count96
\dspbrk@lvl=\count97
\tag@help=\toks20
\row@=\count98
\column@=\count99
\maxfields@=\count100
\andhelp@=\toks21
\eqnshift@=\dimen107
\alignsep@=\dimen108
\tagshift@=\dimen109
\tagwidth@=\dimen110
\totwidth@=\dimen111
\lineht@=\dimen112
\@envbody=\toks22
\multlinegap=\skip44
\multlinetaggap=\skip45
\mathdisplay@stack=\toks23
LaTeX Info: Redefining \[ on input line 2739.
LaTeX Info: Redefining \] on input line 2740.
)
(c:/Program Files/texlive/2016/texmf-dist/tex/latex/mathtools/mathtools.sty
Package: mathtools 2015/11/12 v1.18 mathematical typesetting tools

(c:/Program Files/texlive/2016/texmf-dist/tex/latex/graphics/keyval.sty
Package: keyval 2014/10/28 v1.15 key=value parser (DPC)
\KV@toks@=\toks24
)
(c:/Program Files/texlive/2016/texmf-dist/tex/latex/tools/calc.sty
Package: calc 2014/10/28 v4.3 Infix arithmetic (KKT,FJ)
\calc@Acount=\count101
\calc@Bcount=\count102
\calc@Adimen=\dimen113
\calc@Bdimen=\dimen114
\calc@Askip=\skip46
\calc@Bskip=\skip47
LaTeX Info: Redefining \setlength on input line 80.
LaTeX Info: Redefining \addtolength on input line 81.
\calc@Ccount=\count103
\calc@Cskip=\skip48
)
(c:/Program Files/texlive/2016/texmf-dist/tex/latex/mathtools/mhsetup.sty
Package: mhsetup 2010/01/21 v1.2a programming setup (MH)
)
LaTeX Info: Thecontrolsequence`\('isalreadyrobust on input line 129.
LaTeX Info: Thecontrolsequence`\)'isalreadyrobust on input line 129.
LaTeX Info: Thecontrolsequence`\['isalreadyrobust on input line 129.
LaTeX Info: Thecontrolsequence`\]'isalreadyrobust on input line 129.
\g_MT_multlinerow_int=\count104
\l_MT_multwidth_dim=\dimen115
\origjot=\skip49
\l_MT_shortvdotswithinadjustabove_dim=\dimen116
\l_MT_shortvdotswithinadjustbelow_dim=\dimen117
\l_MT_above_intertext_sep=\dimen118
\l_MT_below_intertext_sep=\dimen119
\l_MT_above_shortintertext_sep=\dimen120
\l_MT_below_shortintertext_sep=\dimen121
)
(c:/Program Files/texlive/2016/texmf-dist/tex/latex/amsfonts/amssymb.sty
Package: amssymb 2013/01/14 v3.01 AMS font symbols

(c:/Program Files/texlive/2016/texmf-dist/tex/latex/amsfonts/amsfonts.sty
Package: amsfonts 2013/01/14 v3.01 Basic AMSFonts support
\symAMSa=\mathgroup7
\symAMSb=\mathgroup8
LaTeX Font Info:    Overwriting math alphabet `\mathfrak' in version `bold'
(Font)                  U/euf/m/n --> U/euf/b/n on input line 106.
))
(c:/Program Files/texlive/2016/texmf-dist/tex/latex/graphics/graphicx.sty
Package: graphicx 2014/10/28 v1.0g Enhanced LaTeX Graphics (DPC,SPQR)

(c:/Program Files/texlive/2016/texmf-dist/tex/latex/graphics/graphics.sty
Package: graphics 2016/07/10 v1.0t Standard LaTeX Graphics (DPC,SPQR)

(c:/Program Files/texlive/2016/texmf-dist/tex/latex/graphics/trig.sty
Package: trig 2016/01/03 v1.10 sin cos tan (DPC)
)
(c:/Program Files/texlive/2016/texmf-dist/tex/latex/graphics-cfg/graphics.cfg
File: graphics.cfg 2016/06/04 v1.11 sample graphics configuration
)
Package graphics Info: Driver file: pdftex.def on input line 99.

(c:/Program Files/texlive/2016/texmf-dist/tex/latex/graphics-def/pdftex.def
File: pdftex.def 2016/07/10 v0.06j Graphics/color for pdfTeX

(c:/Program Files/texlive/2016/texmf-dist/tex/generic/oberdiek/infwarerr.sty
Package: infwarerr 2016/05/16 v1.4 Providing info/warning/error messages (HO)
)
(c:/Program Files/texlive/2016/texmf-dist/tex/generic/oberdiek/ltxcmds.sty
Package: ltxcmds 2016/05/16 v1.23 LaTeX kernel commands for general use (HO)
)
\Gread@gobject=\count105
))
\Gin@req@height=\dimen122
\Gin@req@width=\dimen123
)
(./lab.aux
LaTeX Font Info:    Try loading font information for T2A+cmr on input line 3.

(c:/Program Files/texlive/2016/texmf-dist/tex/latex/cyrillic/t2acmr.fd
File: t2acmr.fd 2001/08/11 v1.0a Computer Modern Cyrillic font definitions
))
\openout1 = `lab.aux'.

LaTeX Font Info:    Checking defaults for OML/cmm/m/it on input line 28.
LaTeX Font Info:    ... okay on input line 28.
LaTeX Font Info:    Checking defaults for T1/cmr/m/n on input line 28.
LaTeX Font Info:    ... okay on input line 28.
LaTeX Font Info:    Checking defaults for OT1/cmr/m/n on input line 28.
LaTeX Font Info:    ... okay on input line 28.
LaTeX Font Info:    Checking defaults for OMS/cmsy/m/n on input line 28.
LaTeX Font Info:    ... okay on input line 28.
LaTeX Font Info:    Checking defaults for OMX/cmex/m/n on input line 28.
LaTeX Font Info:    ... okay on input line 28.
LaTeX Font Info:    Checking defaults for U/cmr/m/n on input line 28.
LaTeX Font Info:    ... okay on input line 28.
LaTeX Font Info:    Checking defaults for T2A/cmr/m/n on input line 28.
LaTeX Font Info:    ... okay on input line 28.

(c:/Program Files/texlive/2016/texmf-dist/tex/latex/ucs/ucsencs.def
File: ucsencs.def 2011/01/21 Fixes to fontencodings LGR, T3
)
(c:/Program Files/texlive/2016/texmf-dist/tex/context/base/mkii/supp-pdf.mkii
[Loading MPS to PDF converter (version 2006.09.02).]
\scratchcounter=\count106
\scratchdimen=\dimen124
\scratchbox=\box28
\nofMPsegments=\count107
\nofMParguments=\count108
\everyMPshowfont=\toks25
\MPscratchCnt=\count109
\MPscratchDim=\dimen125
\MPnumerator=\count110
\makeMPintoPDFobject=\count111
\everyMPtoPDFconversion=\toks26
) (c:/Program Files/texlive/2016/texmf-dist/tex/generic/oberdiek/pdftexcmds.sty
Package: pdftexcmds 2016/05/21 v0.22 Utility functions of pdfTeX for LuaTeX (HO
)
(c:/Program Files/texlive/2016/texmf-dist/tex/generic/oberdiek/ifluatex.sty
Package: ifluatex 2016/05/16 v1.4 Provides the ifluatex switch (HO)
Package ifluatex Info: LuaTeX not detected.
)
(c:/Program Files/texlive/2016/texmf-dist/tex/generic/oberdiek/ifpdf.sty
Package: ifpdf 2016/05/14 v3.1 Provides the ifpdf switch
)
Package pdftexcmds Info: LuaTeX not detected.
Package pdftexcmds Info: \pdf@primitive is available.
Package pdftexcmds Info: \pdf@ifprimitive is available.
Package pdftexcmds Info: \pdfdraftmode found.
)
(c:/Program Files/texlive/2016/texmf-dist/tex/latex/oberdiek/epstopdf-base.sty
Package: epstopdf-base 2016/05/15 v2.6 Base part for package epstopdf

(c:/Program Files/texlive/2016/texmf-dist/tex/latex/oberdiek/grfext.sty
Package: grfext 2016/05/16 v1.2 Manage graphics extensions (HO)

(c:/Program Files/texlive/2016/texmf-dist/tex/generic/oberdiek/kvdefinekeys.sty
Package: kvdefinekeys 2016/05/16 v1.4 Define keys (HO)
)) (c:/Program Files/texlive/2016/texmf-dist/tex/latex/oberdiek/kvoptions.sty
Package: kvoptions 2016/05/16 v3.12 Key value format for package options (HO)

(c:/Program Files/texlive/2016/texmf-dist/tex/generic/oberdiek/kvsetkeys.sty
Package: kvsetkeys 2016/05/16 v1.17 Key value parser (HO)

(c:/Program Files/texlive/2016/texmf-dist/tex/generic/oberdiek/etexcmds.sty
Package: etexcmds 2016/05/16 v1.6 Avoid name clashes with e-TeX commands (HO)
Package etexcmds Info: Could not find \expanded.
(etexcmds)             That can mean that you are not using pdfTeX 1.50 or
(etexcmds)             that some package has redefined \expanded.
(etexcmds)             In the latter case, load this package earlier.
)))
Package epstopdf-base Info: Redefining graphics rule for `.eps' on input line 4
38.
Package grfext Info: Graphics extension search list:
(grfext)             [.png,.pdf,.jpg,.mps,.jpeg,.jbig2,.jb2,.PNG,.PDF,.JPG,.JPE
G,.JBIG2,.JB2,.eps]
(grfext)             \AppendGraphicsExtensions on input line 456.

(c:/Program Files/texlive/2016/texmf-dist/tex/latex/latexconfig/epstopdf-sys.cf
g
File: epstopdf-sys.cfg 2010/07/13 v1.3 Configuration of (r)epstopdf for TeX Liv
e
)) (c:/Program Files/texlive/2016/texmf-dist/tex/latex/ucs/data/uni-4.def
File: uni-4.def 2013/05/13 UCS: Unicode data U+0400..U+04FF
)
LaTeX Font Info:    Try loading font information for OML+cmr on input line 31.

(c:/Program Files/texlive/2016/texmf-dist/tex/latex/base/omlcmr.fd
File: omlcmr.fd 2014/09/29 v2.5h Standard LaTeX font definitions
)
LaTeX Font Info:    Font shape `OML/cmr/m/n' in size <14.4> not available
(Font)              Font shape `OML/cmm/m/it' tried instead on input line 31.
LaTeX Font Info:    Font shape `OML/cmr/m/n' in size <10> not available
(Font)              Font shape `OML/cmm/m/it' tried instead on input line 31.
LaTeX Font Info:    Font shape `OML/cmr/m/n' in size <7> not available
(Font)              Font shape `OML/cmm/m/it' tried instead on input line 31.
LaTeX Font Info:    Try loading font information for OMS+cmr on input line 31.

(c:/Program Files/texlive/2016/texmf-dist/tex/latex/base/omscmr.fd
File: omscmr.fd 2014/09/29 v2.5h Standard LaTeX font definitions
)
LaTeX Font Info:    Font shape `OMS/cmr/m/n' in size <14.4> not available
(Font)              Font shape `OMS/cmsy/m/n' tried instead on input line 31.
LaTeX Font Info:    Font shape `OMS/cmr/m/n' in size <10> not available
(Font)              Font shape `OMS/cmsy/m/n' tried instead on input line 31.
LaTeX Font Info:    Font shape `OMS/cmr/m/n' in size <7> not available
(Font)              Font shape `OMS/cmsy/m/n' tried instead on input line 31.
LaTeX Font Info:    Try loading font information for U+msa on input line 31.

(c:/Program Files/texlive/2016/texmf-dist/tex/latex/amsfonts/umsa.fd
File: umsa.fd 2013/01/14 v3.01 AMS symbols A
)
LaTeX Font Info:    Try loading font information for U+msb on input line 31.

(c:/Program Files/texlive/2016/texmf-dist/tex/latex/amsfonts/umsb.fd
File: umsb.fd 2013/01/14 v3.01 AMS symbols B
)
<theory1.png, id=1, 351.11176pt x 367.3725pt>
File: theory1.png Graphic file (type png)
 <use theory1.png>
Package pdftex.def Info: theory1.png used on input line 34.
(pdftex.def)             Requested size: 426.79134pt x 446.57375pt.

<theory2.png, id=3, 343.2825pt x 487.8225pt>
File: theory2.png Graphic file (type png)
 <use theory2.png>
Package pdftex.def Info: theory2.png used on input line 35.
(pdftex.def)             Requested size: 426.79134pt x 606.48657pt.

<theory3.png, id=4, 336.0555pt x 494.44725pt>
File: theory3.png Graphic file (type png)
 <use theory3.png>
Package pdftex.def Info: theory3.png used on input line 36.
(pdftex.def)             Requested size: 426.79134pt x 627.9863pt.

<theory4.png, id=5, 342.68025pt x 513.117pt>
File: theory4.png Graphic file (type png)
 <use theory4.png>
Package pdftex.def Info: theory4.png used on input line 37.
(pdftex.def)             Requested size: 426.79134pt x 639.10063pt.

<theory5.png, id=6, 339.669pt x 510.10574pt>
File: theory5.png Graphic file (type png)
 <use theory5.png>
Package pdftex.def Info: theory5.png used on input line 38.
(pdftex.def)             Requested size: 426.79134pt x 640.96198pt.

<theory6.png, id=7, 334.851pt x 505.89pt>
File: theory6.png Graphic file (type png)
 <use theory6.png>
Package pdftex.def Info: theory6.png used on input line 39.
(pdftex.def)             Requested size: 426.79134pt x 644.80435pt.

<theory7.png, id=8, 337.86224pt x 517.935pt>
File: theory7.png Graphic file (type png)
 <use theory7.png>
Package pdftex.def Info: theory7.png used on input line 40.
(pdftex.def)             Requested size: 426.79134pt x 654.29279pt.

<theory8.png, id=9, 334.24875pt x 526.3665pt>
File: theory8.png Graphic file (type png)
 <use theory8.png>
Package pdftex.def Info: theory8.png used on input line 41.
(pdftex.def)             Requested size: 426.79134pt x 672.15656pt.

<theory9.png, id=10, 345.6915pt x 523.35526pt>
File: theory9.png Graphic file (type png)
 <use theory9.png>
Package pdftex.def Info: theory9.png used on input line 42.
(pdftex.def)             Requested size: 426.79134pt x 646.13483pt.

<theory10.png, id=11, 340.27126pt x 511.9125pt>
File: theory10.png Graphic file (type png)
 <use theory10.png>
Package pdftex.def Info: theory10.png used on input line 43.
(pdftex.def)             Requested size: 426.79134pt x 642.10742pt.

<theory11.png, id=12, 339.669pt x 507.0945pt>
File: theory11.png Graphic file (type png)
 <use theory11.png>
Package pdftex.def Info: theory11.png used on input line 44.
(pdftex.def)             Requested size: 426.79134pt x 637.17825pt.

<theory12.png, id=13, 337.26pt x 505.89pt>
File: theory12.png Graphic file (type png)
 <use theory12.png>
Package pdftex.def Info: theory12.png used on input line 45.
(pdftex.def)             Requested size: 426.79134pt x 640.20369pt.

<theory13.png, id=14, 339.06676pt x 522.753pt>
File: theory13.png Graphic file (type png)
 <use theory13.png>
Package pdftex.def Info: theory13.png used on input line 46.
(pdftex.def)             Requested size: 426.79134pt x 658.00224pt.

<theory14.png, id=15, 339.06676pt x 482.40225pt>
File: theory14.png Graphic file (type png)
 <use theory14.png>
Package pdftex.def Info: theory14.png used on input line 47.
(pdftex.def)             Requested size: 426.79134pt x 607.21173pt.

<theory15.png, id=16, 337.26pt x 342.078pt>
File: theory15.png Graphic file (type png)
 <use theory15.png>
Package pdftex.def Info: theory15.png used on input line 48.
(pdftex.def)             Requested size: 426.79134pt x 432.89963pt.
 [1

{c:/Program Files/texlive/2016/texmf-var/fonts/map/pdftex/updmap/pdftex.map} <.
/theory1.png>] [2 <./theory2.png>] [3 <./theory3.png>] [4 <./theory4.png>] [5 <
./theory5.png>] [6 <./theory6.png>] [7 <./theory7.png>] [8 <./theory8.png>] [9 
<./theory9.png>] [10 <./theory10.png>] [11 <./theory11.png>] [12 <./theory12.pn
g>] [13 <./theory13.png>] [14 <./theory14.png>]
Underfull \hbox (badness 10000) in paragraph at lines 55--57

 []

LaTeX Font Info:    Font shape `OML/cmr/m/n' in size <12> not available
(Font)              Font shape `OML/cmm/m/it' tried instead on input line 58.
LaTeX Font Info:    Font shape `OML/cmr/m/n' in size <8> not available
(Font)              Font shape `OML/cmm/m/it' tried instead on input line 58.
LaTeX Font Info:    Font shape `OML/cmr/m/n' in size <6> not available
(Font)              Font shape `OML/cmm/m/it' tried instead on input line 58.
LaTeX Font Info:    Font shape `OMS/cmr/m/n' in size <12> not available
(Font)              Font shape `OMS/cmsy/m/n' tried instead on input line 58.
LaTeX Font Info:    Font shape `OMS/cmr/m/n' in size <8> not available
(Font)              Font shape `OMS/cmsy/m/n' tried instead on input line 58.
LaTeX Font Info:    Font shape `OMS/cmr/m/n' in size <6> not available
(Font)              Font shape `OMS/cmsy/m/n' tried instead on input line 58.

Package mathtext Warning: letter `cyrm' used in math mode on input line 60.


Package mathtext Warning: letter `cyrm' used in math mode on input line 60.


Package mathtext Warning: letter `cyrm' used in math mode on input line 60.


Package mathtext Warning: letter `CYRT' used in math mode on input line 60.


Package mathtext Warning: letter `cyrl' used in math mode on input line 60.

<table1.png, id=80, 631.158pt x 122.25674pt>
File: table1.png Graphic file (type png)
 <use table1.png>
Package pdftex.def Info: table1.png used on input line 63.
(pdftex.def)             Requested size: 455.24408pt x 88.18147pt.
 [15 <./theory15.png> <./table1.png>] <graph1.png, id=90, 629.35126pt x 424.586
24pt>
File: graph1.png Graphic file (type png)

<use graph1.png>
Package pdftex.def Info: graph1.png used on input line 69.
(pdftex.def)             Requested size: 512.1496pt x 345.53264pt.


Package mathtext Warning: letter `cyrm' used in math mode on input line 72.


Package mathtext Warning: letter `cyrm' used in math mode on input line 74.


Package mathtext Warning: letter `CYRT' used in math mode on input line 74.


Package mathtext Warning: letter `cyrl' used in math mode on input line 74.

<table2.png, id=91, 435.42674pt x 29.51025pt>
File: table2.png Graphic file (type png)
 <use table2.png>
Package pdftex.def Info: table2.png used on input line 77.
(pdftex.def)             Requested size: 512.1496pt x 34.7137pt.
 [16 <./graph1.png> <./table2.png>] <graph2.png, id=98, 492.6405pt x 230.66174p
t>
File: graph2.png Graphic file (type png)

<use graph2.png>
Package pdftex.def Info: graph2.png used on input line 81.
(pdftex.def)             Requested size: 512.1496pt x 239.80159pt.


Package mathtext Warning: letter `cyrm' used in math mode on input line 84.


Package mathtext Warning: letter `CYRT' used in math mode on input line 84.


Package mathtext Warning: letter `cyrl' used in math mode on input line 84.


Package mathtext Warning: letter `CYRA' used in math mode on input line 84.


Package mathtext Warning: letter `cyrs' used in math mode on input line 86.


Package mathtext Warning: letter `cyrr' used in math mode on input line 86.


Package mathtext Warning: letter `cyrk' used in math mode on input line 86.


Package mathtext Warning: letter `cyrr' used in math mode on input line 86.


Package mathtext Warning: letter `cyrs' used in math mode on input line 86.


Package mathtext Warning: letter `cyrm' used in math mode on input line 86.


Package mathtext Warning: letter `cyrm' used in math mode on input line 88.


Package mathtext Warning: letter `cyrs' used in math mode on input line 92.


Package mathtext Warning: letter `cyrm' used in math mode on input line 92.


Overfull \hbox (2.72888pt too wide) in paragraph at lines 94--95
[]\T2A/cmr/m/n/12 Теоретическая за-ви-си-мость (рас-счи-та-на толь-ко внут-ри с
о-ле-но-и-да) $\OML/cmm/m/it/12 B\OT1/cmr/m/n/12 (\OML/cmm/m/it/12 z\OT1/cmr/m/
n/12 ) = [] \OMS/cmsy/m/n/12 ^^C \OT1/cmr/m/n/12 2\OML/cmm/m/it/12 ^^Y\OT1/cmr/
m/n/12 (1 + [])$\T2A/cmr/m/n/12 ,
 []


Underfull \hbox (badness 10000) in paragraph at lines 94--95

 []


Underfull \hbox (badness 10000) in paragraph at lines 96--98

 []


Package mathtext Warning: letter `cyrm' used in math mode on input line 101.


Package mathtext Warning: letter `CYRT' used in math mode on input line 101.


Package mathtext Warning: letter `cyrl' used in math mode on input line 101.

<table3.png, id=99, 481.8pt x 28.908pt>
File: table3.png Graphic file (type png)
 <use table3.png>
Package pdftex.def Info: table3.png used on input line 104.
(pdftex.def)             Requested size: 426.79134pt x 25.60803pt.
 [17 <./graph2.png> <./table3.png>] <graph3.png, id=109, 600.44325pt x 225.8437
5pt>
File: graph3.png Graphic file (type png)
 <use graph3.png>
Package pdftex.def Info: graph3.png used on input line 109.
(pdftex.def)             Requested size: 426.79134pt x 160.52937pt.


Package mathtext Warning: letter `cyrm' used in math mode on input line 112.


Package mathtext Warning: letter `CYRT' used in math mode on input line 112.


Package mathtext Warning: letter `cyrl' used in math mode on input line 112.

<table4.png, id=110, 529.98pt x 27.10126pt>
File: table4.png Graphic file (type png)
 <use table4.png>
Package pdftex.def Info: table4.png used on input line 117.
(pdftex.def)             Requested size: 426.79134pt x 21.82494pt.

<graph4.png, id=111, 352.9185pt x 205.36725pt>
File: graph4.png Graphic file (type png)
 <use graph4.png>
Package pdftex.def Info: graph4.png used on input line 121.
(pdftex.def)             Requested size: 426.79134pt x 248.36038pt.


Package mathtext Warning: letter `cyrm' used in math mode on input line 124.


Package mathtext Warning: letter `CYRT' used in math mode on input line 124.


Package mathtext Warning: letter `cyrl' used in math mode on input line 124.


Package mathtext Warning: letter `cyrm' used in math mode on input line 125.


Package mathtext Warning: letter `CYRT' used in math mode on input line 125.


Package mathtext Warning: letter `cyrl' used in math mode on input line 125.


Underfull \hbox (badness 10000) in paragraph at lines 124--126

 []

(c:/Program Files/texlive/2016/texmf-dist/tex/latex/ucs/data/uni-32.def
File: uni-32.def 2013/05/13 UCS: Unicode data U+2000..U+20FF
)

Package mathtext Warning: letter `cyrs' used in math mode on input line 131.


Package mathtext Warning: letter `cyrm' used in math mode on input line 131.


Package mathtext Warning: letter `CYRA' used in math mode on input line 137.


Package mathtext Warning: letter `cyrm' used in math mode on input line 137.


Package mathtext Warning: letter `CYRA' used in math mode on input line 139.


Package mathtext Warning: letter `cyrm' used in math mode on input line 139.

[18 <./graph3.png> <./table4.png> <./graph4.png>]

Package mathtext Warning: letter `cyrm' used in math mode on input line 141.


Package mathtext Warning: letter `CYRT' used in math mode on input line 141.


Package mathtext Warning: letter `cyrl' used in math mode on input line 141.


Underfull \hbox (badness 10000) in paragraph at lines 141--142

 []


Underfull \hbox (badness 10000) in paragraph at lines 143--144

 []

<res1.png, id=119, 450.483pt x 71.0655pt>
File: res1.png Graphic file (type png)
 <use res1.png>
Package pdftex.def Info: res1.png used on input line 145.
(pdftex.def)             Requested size: 426.79134pt x 67.32965pt.

<res2.png, id=120, 449.88075pt x 444.4605pt>
File: res2.png Graphic file (type png)
 <use res2.png>
Package pdftex.def Info: res2.png used on input line 146.
(pdftex.def)             Requested size: 426.79134pt x 421.65182pt.
 [19 <./res1.png> <./res2.png>] (./lab.aux) ) 
Here is how much of TeX's memory you used:
 5468 strings out of 493013
 74011 string characters out of 6130541
 132901 words of memory out of 5000000
 8892 multiletter control sequences out of 15000+600000
 18146 words of font info for 52 fonts, out of 8000000 for 9000
 1141 hyphenation exceptions out of 8191
 40i,6n,27p,498b,679s stack positions out of 5000i,500n,10000p,200000b,80000s
{c:/Program Files/texlive/2016/tex
mf-dist/fonts/enc/dvips/cm-super/cm-super-t2a.enc}<c:/Program Files/texlive/201
6/texmf-dist/fonts/type1/public/amsfonts/cm/cmmi12.pfb><c:/Program Files/texliv
e/2016/texmf-dist/fonts/type1/public/amsfonts/cm/cmmi6.pfb><c:/Program Files/te
xlive/2016/texmf-dist/fonts/type1/public/amsfonts/cm/cmmi8.pfb><c:/Program File
s/texlive/2016/texmf-dist/fonts/type1/public/amsfonts/cm/cmr12.pfb><c:/Program 
Files/texlive/2016/texmf-dist/fonts/type1/public/amsfonts/cm/cmr6.pfb><c:/Progr
am Files/texlive/2016/texmf-dist/fonts/type1/public/amsfonts/cm/cmr8.pfb><c:/Pr
ogram Files/texlive/2016/texmf-dist/fonts/type1/public/amsfonts/cm/cmsy10.pfb><
c:/Program Files/texlive/2016/texmf-dist/fonts/type1/public/amsfonts/cm/cmsy8.p
fb><c:/Program Files/texlive/2016/texmf-dist/fonts/type1/public/cm-super/sfbx14
40.pfb><c:/Program Files/texlive/2016/texmf-dist/fonts/type1/public/cm-super/sf
rm0800.pfb><c:/Program Files/texlive/2016/texmf-dist/fonts/type1/public/cm-supe
r/sfrm1200.pfb><c:/Program Files/texlive/2016/texmf-dist/fonts/type1/public/cm-
super/sfrm1440.pfb><c:/Program Files/texlive/2016/texmf-dist/fonts/type1/public
/cm-super/sfrm2074.pfb>
Output written on lab.pdf (19 pages, 3731725 bytes).
PDF statistics:
 170 PDF objects out of 1000 (max. 8388607)
 85 compressed objects within 1 object stream
 0 named destinations out of 1000 (max. 500000)
 126 words of extra memory for PDF output out of 10000 (max. 10000000)

